{"/mnt/d/users/doctortess/documents/coder-academy/fast-track/assignments/StoareeBackend/src/app.js": {"path":"/mnt/d/users/doctortess/documents/coder-academy/fast-track/assignments/StoareeBackend/src/app.js","statementMap":{"0":{"start":{"line":1,"column":20},"end":{"line":1,"column":42}},"1":{"start":{"line":2,"column":16},"end":{"line":2,"column":34}},"2":{"start":{"line":3,"column":13},"end":{"line":3,"column":28}},"3":{"start":{"line":4,"column":21},"end":{"line":4,"column":45}},"4":{"start":{"line":5,"column":15},"end":{"line":5,"column":32}},"5":{"start":{"line":6,"column":13},"end":{"line":6,"column":28}},"6":{"start":{"line":7,"column":0},"end":{"line":7,"column":26}},"7":{"start":{"line":8,"column":19},"end":{"line":8,"column":58}},"8":{"start":{"line":10,"column":20},"end":{"line":10,"column":45}},"9":{"start":{"line":11,"column":20},"end":{"line":11,"column":45}},"10":{"start":{"line":12,"column":22},"end":{"line":12,"column":49}},"11":{"start":{"line":13,"column":21},"end":{"line":13,"column":50}},"12":{"start":{"line":14,"column":21},"end":{"line":14,"column":50}},"13":{"start":{"line":15,"column":20},"end":{"line":15,"column":48}},"14":{"start":{"line":16,"column":24},"end":{"line":16,"column":53}},"15":{"start":{"line":17,"column":23},"end":{"line":17,"column":51}},"16":{"start":{"line":18,"column":20},"end":{"line":18,"column":45}},"17":{"start":{"line":22,"column":17},"end":{"line":22,"column":36}},"18":{"start":{"line":24,"column":19},"end":{"line":24,"column":37}},"19":{"start":{"line":26,"column":12},"end":{"line":26,"column":21}},"20":{"start":{"line":28,"column":0},"end":{"line":28,"column":23}},"21":{"start":{"line":29,"column":0},"end":{"line":29,"column":24}},"22":{"start":{"line":30,"column":0},"end":{"line":30,"column":49}},"23":{"start":{"line":31,"column":0},"end":{"line":31,"column":24}},"24":{"start":{"line":32,"column":0},"end":{"line":32,"column":56}},"25":{"start":{"line":33,"column":0},"end":{"line":33,"column":16}},"26":{"start":{"line":34,"column":0},"end":{"line":34,"column":26}},"27":{"start":{"line":35,"column":0},"end":{"line":35,"column":31}},"28":{"start":{"line":36,"column":0},"end":{"line":36,"column":35}},"29":{"start":{"line":37,"column":0},"end":{"line":37,"column":39}},"30":{"start":{"line":38,"column":0},"end":{"line":38,"column":37}},"31":{"start":{"line":39,"column":0},"end":{"line":39,"column":31}},"32":{"start":{"line":40,"column":0},"end":{"line":40,"column":33}},"33":{"start":{"line":41,"column":0},"end":{"line":41,"column":33}},"34":{"start":{"line":42,"column":0},"end":{"line":42,"column":31}},"35":{"start":{"line":43,"column":0},"end":{"line":43,"column":29}},"36":{"start":{"line":45,"column":0},"end":{"line":59,"column":2}},"37":{"start":{"line":53,"column":4},"end":{"line":57,"column":5}},"38":{"start":{"line":54,"column":6},"end":{"line":54,"column":58}},"39":{"start":{"line":56,"column":6},"end":{"line":56,"column":46}},"40":{"start":{"line":62,"column":0},"end":{"line":64,"column":3}},"41":{"start":{"line":63,"column":2},"end":{"line":63,"column":25}},"42":{"start":{"line":67,"column":0},"end":{"line":76,"column":3}},"43":{"start":{"line":69,"column":2},"end":{"line":69,"column":35}},"44":{"start":{"line":70,"column":2},"end":{"line":70,"column":69}},"45":{"start":{"line":73,"column":2},"end":{"line":73,"column":32}},"46":{"start":{"line":75,"column":2},"end":{"line":75,"column":24}},"47":{"start":{"line":78,"column":0},"end":{"line":78,"column":21}}},"fnMap":{"0":{"name":"(anonymous_0)","decl":{"start":{"line":52,"column":2},"end":{"line":52,"column":3}},"loc":{"start":{"line":52,"column":9},"end":{"line":58,"column":3}},"line":52},"1":{"name":"(anonymous_1)","decl":{"start":{"line":62,"column":8},"end":{"line":62,"column":9}},"loc":{"start":{"line":62,"column":34},"end":{"line":64,"column":1}},"line":62},"2":{"name":"(anonymous_2)","decl":{"start":{"line":67,"column":8},"end":{"line":67,"column":9}},"loc":{"start":{"line":67,"column":39},"end":{"line":76,"column":1}},"line":67}},"branchMap":{"0":{"loc":{"start":{"line":53,"column":4},"end":{"line":57,"column":5}},"type":"if","locations":[{"start":{"line":53,"column":4},"end":{"line":57,"column":5}},{"start":{"line":53,"column":4},"end":{"line":57,"column":5}}],"line":53},"1":{"loc":{"start":{"line":70,"column":21},"end":{"line":70,"column":68}},"type":"cond-expr","locations":[{"start":{"line":70,"column":60},"end":{"line":70,"column":63}},{"start":{"line":70,"column":66},"end":{"line":70,"column":68}}],"line":70},"2":{"loc":{"start":{"line":73,"column":13},"end":{"line":73,"column":30}},"type":"binary-expr","locations":[{"start":{"line":73,"column":13},"end":{"line":73,"column":23}},{"start":{"line":73,"column":27},"end":{"line":73,"column":30}}],"line":73}},"s":{"0":1,"1":1,"2":1,"3":1,"4":1,"5":1,"6":1,"7":1,"8":1,"9":1,"10":1,"11":1,"12":1,"13":1,"14":1,"15":1,"16":1,"17":1,"18":1,"19":1,"20":1,"21":1,"22":1,"23":1,"24":1,"25":1,"26":1,"27":1,"28":1,"29":1,"30":1,"31":1,"32":1,"33":1,"34":1,"35":1,"36":1,"37":1,"38":0,"39":1,"40":1,"41":0,"42":1,"43":2,"44":2,"45":2,"46":2,"47":1},"f":{"0":1,"1":0,"2":2},"b":{"0":[0,1],"1":[0,2],"2":[2,0]},"_coverageSchema":"1a1c01bbd47fc00a2c39e90264f33305004495a9","hash":"fe28334b9cc07dede44c539256a2383069a9f581"}
,"/mnt/d/users/doctortess/documents/coder-academy/fast-track/assignments/StoareeBackend/src/controllers/authentication_controller.js": {"path":"/mnt/d/users/doctortess/documents/coder-academy/fast-track/assignments/StoareeBackend/src/controllers/authentication_controller.js","statementMap":{"0":{"start":{"line":1,"column":10},"end":{"line":1,"column":33}},"1":{"start":{"line":2,"column":15},"end":{"line":2,"column":32}},"2":{"start":{"line":3,"column":0},"end":{"line":3,"column":27}},"3":{"start":{"line":4,"column":20},"end":{"line":4,"column":42}},"4":{"start":{"line":6,"column":13},"end":{"line":6,"column":38}},"5":{"start":{"line":7,"column":14},"end":{"line":7,"column":40}},"6":{"start":{"line":8,"column":16},"end":{"line":8,"column":44}},"7":{"start":{"line":11,"column":15},"end":{"line":11,"column":44}},"8":{"start":{"line":12,"column":2},"end":{"line":12,"column":14}},"9":{"start":{"line":15,"column":17},"end":{"line":44,"column":1}},"10":{"start":{"line":17,"column":14},"end":{"line":18,"column":38}},"11":{"start":{"line":21,"column":2},"end":{"line":24,"column":3}},"12":{"start":{"line":23,"column":4},"end":{"line":23,"column":41}},"13":{"start":{"line":26,"column":2},"end":{"line":43,"column":3}},"14":{"start":{"line":28,"column":4},"end":{"line":39,"column":7}},"15":{"start":{"line":29,"column":6},"end":{"line":38,"column":7}},"16":{"start":{"line":30,"column":8},"end":{"line":30,"column":53}},"17":{"start":{"line":33,"column":8},"end":{"line":37,"column":11}},"18":{"start":{"line":34,"column":10},"end":{"line":34,"column":29}},"19":{"start":{"line":35,"column":10},"end":{"line":35,"column":26}},"20":{"start":{"line":36,"column":10},"end":{"line":36,"column":17}},"21":{"start":{"line":42,"column":4},"end":{"line":42,"column":57}},"22":{"start":{"line":47,"column":28},"end":{"line":47,"column":36}},"23":{"start":{"line":49,"column":2},"end":{"line":80,"column":3}},"24":{"start":{"line":51,"column":17},"end":{"line":51,"column":53}},"25":{"start":{"line":53,"column":4},"end":{"line":76,"column":5}},"26":{"start":{"line":54,"column":33},"end":{"line":54,"column":78}},"27":{"start":{"line":55,"column":6},"end":{"line":71,"column":7}},"28":{"start":{"line":56,"column":20},"end":{"line":58,"column":31}},"29":{"start":{"line":61,"column":8},"end":{"line":66,"column":11}},"30":{"start":{"line":70,"column":8},"end":{"line":70,"column":48}},"31":{"start":{"line":75,"column":6},"end":{"line":75,"column":60}},"32":{"start":{"line":79,"column":4},"end":{"line":79,"column":78}},"33":{"start":{"line":86,"column":2},"end":{"line":96,"column":3}},"34":{"start":{"line":87,"column":20},"end":{"line":87,"column":65}},"35":{"start":{"line":88,"column":4},"end":{"line":88,"column":33}},"36":{"start":{"line":90,"column":7},"end":{"line":96,"column":3}},"37":{"start":{"line":91,"column":18},"end":{"line":91,"column":59}},"38":{"start":{"line":92,"column":4},"end":{"line":92,"column":38}},"39":{"start":{"line":94,"column":7},"end":{"line":96,"column":3}},"40":{"start":{"line":95,"column":4},"end":{"line":95,"column":39}},"41":{"start":{"line":98,"column":22},"end":{"line":98,"column":56}},"42":{"start":{"line":99,"column":2},"end":{"line":104,"column":3}},"43":{"start":{"line":100,"column":4},"end":{"line":100,"column":11}},"44":{"start":{"line":103,"column":4},"end":{"line":103,"column":26}},"45":{"start":{"line":108,"column":2},"end":{"line":113,"column":3}},"46":{"start":{"line":109,"column":4},"end":{"line":109,"column":11}},"47":{"start":{"line":112,"column":4},"end":{"line":112,"column":26}},"48":{"start":{"line":116,"column":0},"end":{"line":116,"column":66}}},"fnMap":{"0":{"name":"getUser","decl":{"start":{"line":10,"column":15},"end":{"line":10,"column":22}},"loc":{"start":{"line":10,"column":30},"end":{"line":13,"column":1}},"line":10},"1":{"name":"(anonymous_1)","decl":{"start":{"line":15,"column":17},"end":{"line":15,"column":18}},"loc":{"start":{"line":15,"column":37},"end":{"line":44,"column":1}},"line":15},"2":{"name":"(anonymous_2)","decl":{"start":{"line":28,"column":50},"end":{"line":28,"column":51}},"loc":{"start":{"line":28,"column":68},"end":{"line":39,"column":5}},"line":28},"3":{"name":"(anonymous_3)","decl":{"start":{"line":33,"column":36},"end":{"line":33,"column":37}},"loc":{"start":{"line":33,"column":44},"end":{"line":37,"column":9}},"line":33},"4":{"name":"login","decl":{"start":{"line":46,"column":15},"end":{"line":46,"column":20}},"loc":{"start":{"line":46,"column":37},"end":{"line":81,"column":1}},"line":46},"5":{"name":"checkPermissions","decl":{"start":{"line":83,"column":15},"end":{"line":83,"column":31}},"loc":{"start":{"line":83,"column":48},"end":{"line":105,"column":1}},"line":83},"6":{"name":"isAdmin","decl":{"start":{"line":107,"column":15},"end":{"line":107,"column":22}},"loc":{"start":{"line":107,"column":39},"end":{"line":114,"column":1}},"line":107}},"branchMap":{"0":{"loc":{"start":{"line":17,"column":14},"end":{"line":18,"column":38}},"type":"binary-expr","locations":[{"start":{"line":17,"column":14},"end":{"line":17,"column":43}},{"start":{"line":18,"column":4},"end":{"line":18,"column":32}},{"start":{"line":18,"column":36},"end":{"line":18,"column":38}}],"line":17},"1":{"loc":{"start":{"line":21,"column":2},"end":{"line":24,"column":3}},"type":"if","locations":[{"start":{"line":21,"column":2},"end":{"line":24,"column":3}},{"start":{"line":21,"column":2},"end":{"line":24,"column":3}}],"line":21},"2":{"loc":{"start":{"line":26,"column":2},"end":{"line":43,"column":3}},"type":"if","locations":[{"start":{"line":26,"column":2},"end":{"line":43,"column":3}},{"start":{"line":26,"column":2},"end":{"line":43,"column":3}}],"line":26},"3":{"loc":{"start":{"line":29,"column":6},"end":{"line":38,"column":7}},"type":"if","locations":[{"start":{"line":29,"column":6},"end":{"line":38,"column":7}},{"start":{"line":29,"column":6},"end":{"line":38,"column":7}}],"line":29},"4":{"loc":{"start":{"line":49,"column":2},"end":{"line":80,"column":3}},"type":"if","locations":[{"start":{"line":49,"column":2},"end":{"line":80,"column":3}},{"start":{"line":49,"column":2},"end":{"line":80,"column":3}}],"line":49},"5":{"loc":{"start":{"line":49,"column":6},"end":{"line":49,"column":23}},"type":"binary-expr","locations":[{"start":{"line":49,"column":6},"end":{"line":49,"column":11}},{"start":{"line":49,"column":15},"end":{"line":49,"column":23}}],"line":49},"6":{"loc":{"start":{"line":53,"column":4},"end":{"line":76,"column":5}},"type":"if","locations":[{"start":{"line":53,"column":4},"end":{"line":76,"column":5}},{"start":{"line":53,"column":4},"end":{"line":76,"column":5}}],"line":53},"7":{"loc":{"start":{"line":55,"column":6},"end":{"line":71,"column":7}},"type":"if","locations":[{"start":{"line":55,"column":6},"end":{"line":71,"column":7}},{"start":{"line":55,"column":6},"end":{"line":71,"column":7}}],"line":55},"8":{"loc":{"start":{"line":86,"column":2},"end":{"line":96,"column":3}},"type":"if","locations":[{"start":{"line":86,"column":2},"end":{"line":96,"column":3}},{"start":{"line":86,"column":2},"end":{"line":96,"column":3}}],"line":86},"9":{"loc":{"start":{"line":90,"column":7},"end":{"line":96,"column":3}},"type":"if","locations":[{"start":{"line":90,"column":7},"end":{"line":96,"column":3}},{"start":{"line":90,"column":7},"end":{"line":96,"column":3}}],"line":90},"10":{"loc":{"start":{"line":94,"column":7},"end":{"line":96,"column":3}},"type":"if","locations":[{"start":{"line":94,"column":7},"end":{"line":96,"column":3}},{"start":{"line":94,"column":7},"end":{"line":96,"column":3}}],"line":94},"11":{"loc":{"start":{"line":99,"column":2},"end":{"line":104,"column":3}},"type":"if","locations":[{"start":{"line":99,"column":2},"end":{"line":104,"column":3}},{"start":{"line":99,"column":2},"end":{"line":104,"column":3}}],"line":99},"12":{"loc":{"start":{"line":108,"column":2},"end":{"line":113,"column":3}},"type":"if","locations":[{"start":{"line":108,"column":2},"end":{"line":113,"column":3}},{"start":{"line":108,"column":2},"end":{"line":113,"column":3}}],"line":108}},"s":{"0":1,"1":1,"2":1,"3":1,"4":1,"5":1,"6":1,"7":10,"8":10,"9":1,"10":10,"11":10,"12":0,"13":10,"14":10,"15":10,"16":0,"17":10,"18":10,"19":10,"20":10,"21":0,"22":6,"23":6,"24":5,"25":5,"26":4,"27":4,"28":4,"29":4,"30":0,"31":1,"32":1,"33":4,"34":2,"35":0,"36":2,"37":2,"38":2,"39":0,"40":0,"41":2,"42":2,"43":2,"44":0,"45":0,"46":0,"47":0,"48":1},"f":{"0":10,"1":10,"2":10,"3":10,"4":6,"5":4,"6":0},"b":{"0":[10,10,0],"1":[0,10],"2":[10,0],"3":[0,10],"4":[5,1],"5":[6,5],"6":[4,1],"7":[4,0],"8":[2,2],"9":[2,0],"10":[0,0],"11":[2,0],"12":[0,0]},"_coverageSchema":"1a1c01bbd47fc00a2c39e90264f33305004495a9","hash":"7bef9cbee496911b0a986872984885128ea2eecb"}
,"/mnt/d/users/doctortess/documents/coder-academy/fast-track/assignments/StoareeBackend/src/controllers/aws_controller.js": {"path":"/mnt/d/users/doctortess/documents/coder-academy/fast-track/assignments/StoareeBackend/src/controllers/aws_controller.js","statementMap":{"0":{"start":{"line":1,"column":0},"end":{"line":1,"column":27}},"1":{"start":{"line":3,"column":10},"end":{"line":3,"column":28}},"2":{"start":{"line":4,"column":0},"end":{"line":8,"column":3}},"3":{"start":{"line":10,"column":18},"end":{"line":10,"column":36}},"4":{"start":{"line":12,"column":13},"end":{"line":12,"column":25}},"5":{"start":{"line":13,"column":19},"end":{"line":13,"column":36}},"6":{"start":{"line":14,"column":19},"end":{"line":14,"column":36}},"7":{"start":{"line":15,"column":19},"end":{"line":21,"column":3}},"8":{"start":{"line":22,"column":2},"end":{"line":22,"column":24}},"9":{"start":{"line":23,"column":2},"end":{"line":34,"column":5}},"10":{"start":{"line":24,"column":4},"end":{"line":27,"column":5}},"11":{"start":{"line":25,"column":6},"end":{"line":25,"column":23}},"12":{"start":{"line":26,"column":6},"end":{"line":26,"column":47}},"13":{"start":{"line":28,"column":23},"end":{"line":31,"column":5}},"14":{"start":{"line":33,"column":4},"end":{"line":33,"column":54}},"15":{"start":{"line":37,"column":0},"end":{"line":37,"column":28}}},"fnMap":{"0":{"name":"auths3","decl":{"start":{"line":11,"column":9},"end":{"line":11,"column":15}},"loc":{"start":{"line":11,"column":26},"end":{"line":35,"column":1}},"line":11},"1":{"name":"(anonymous_1)","decl":{"start":{"line":23,"column":41},"end":{"line":23,"column":42}},"loc":{"start":{"line":23,"column":56},"end":{"line":34,"column":3}},"line":23}},"branchMap":{"0":{"loc":{"start":{"line":24,"column":4},"end":{"line":27,"column":5}},"type":"if","locations":[{"start":{"line":24,"column":4},"end":{"line":27,"column":5}},{"start":{"line":24,"column":4},"end":{"line":27,"column":5}}],"line":24}},"s":{"0":1,"1":1,"2":1,"3":1,"4":0,"5":0,"6":0,"7":0,"8":0,"9":0,"10":0,"11":0,"12":0,"13":0,"14":0,"15":1},"f":{"0":0,"1":0},"b":{"0":[0,0]},"_coverageSchema":"1a1c01bbd47fc00a2c39e90264f33305004495a9","hash":"10a481e77a87e933dff9b6c93f093dba02cef197"}
,"/mnt/d/users/doctortess/documents/coder-academy/fast-track/assignments/StoareeBackend/src/controllers/comments_controller.js": {"path":"/mnt/d/users/doctortess/documents/coder-academy/fast-track/assignments/StoareeBackend/src/controllers/comments_controller.js","statementMap":{"0":{"start":{"line":1,"column":16},"end":{"line":1,"column":44}},"1":{"start":{"line":2,"column":14},"end":{"line":2,"column":40}},"2":{"start":{"line":3,"column":36},"end":{"line":3,"column":58}},"3":{"start":{"line":7,"column":2},"end":{"line":11,"column":38}},"4":{"start":{"line":8,"column":18},"end":{"line":8,"column":59}},"5":{"start":{"line":9,"column":4},"end":{"line":9,"column":29}},"6":{"start":{"line":11,"column":16},"end":{"line":11,"column":36}},"7":{"start":{"line":16,"column":21},"end":{"line":19,"column":4}},"8":{"start":{"line":21,"column":2},"end":{"line":33,"column":38}},"9":{"start":{"line":22,"column":23},"end":{"line":22,"column":46}},"10":{"start":{"line":23,"column":18},"end":{"line":23,"column":59}},"11":{"start":{"line":24,"column":4},"end":{"line":24,"column":42}},"12":{"start":{"line":25,"column":4},"end":{"line":25,"column":23}},"13":{"start":{"line":26,"column":17},"end":{"line":26,"column":49}},"14":{"start":{"line":28,"column":4},"end":{"line":28,"column":60}},"15":{"start":{"line":29,"column":4},"end":{"line":29,"column":29}},"16":{"start":{"line":31,"column":4},"end":{"line":31,"column":27}},"17":{"start":{"line":33,"column":16},"end":{"line":33,"column":36}},"18":{"start":{"line":37,"column":35},"end":{"line":37,"column":45}},"19":{"start":{"line":38,"column":19},"end":{"line":38,"column":27}},"20":{"start":{"line":40,"column":2},"end":{"line":49,"column":38}},"21":{"start":{"line":41,"column":18},"end":{"line":41,"column":48}},"22":{"start":{"line":42,"column":4},"end":{"line":47,"column":5}},"23":{"start":{"line":43,"column":20},"end":{"line":43,"column":54}},"24":{"start":{"line":44,"column":6},"end":{"line":44,"column":26}},"25":{"start":{"line":45,"column":6},"end":{"line":45,"column":27}},"26":{"start":{"line":46,"column":6},"end":{"line":46,"column":24}},"27":{"start":{"line":49,"column":16},"end":{"line":49,"column":36}},"28":{"start":{"line":53,"column":35},"end":{"line":53,"column":45}},"29":{"start":{"line":55,"column":2},"end":{"line":66,"column":38}},"30":{"start":{"line":56,"column":18},"end":{"line":56,"column":48}},"31":{"start":{"line":57,"column":4},"end":{"line":64,"column":5}},"32":{"start":{"line":58,"column":22},"end":{"line":58,"column":56}},"33":{"start":{"line":59,"column":6},"end":{"line":59,"column":29}},"34":{"start":{"line":60,"column":20},"end":{"line":60,"column":54}},"35":{"start":{"line":61,"column":6},"end":{"line":61,"column":38}},"36":{"start":{"line":62,"column":6},"end":{"line":62,"column":25}},"37":{"start":{"line":63,"column":6},"end":{"line":63,"column":31}},"38":{"start":{"line":66,"column":16},"end":{"line":66,"column":36}},"39":{"start":{"line":69,"column":0},"end":{"line":69,"column":73}}},"fnMap":{"0":{"name":"getComments","decl":{"start":{"line":5,"column":15},"end":{"line":5,"column":26}},"loc":{"start":{"line":5,"column":37},"end":{"line":12,"column":1}},"line":5},"1":{"name":"addComment","decl":{"start":{"line":14,"column":15},"end":{"line":14,"column":25}},"loc":{"start":{"line":14,"column":36},"end":{"line":34,"column":1}},"line":14},"2":{"name":"editComment","decl":{"start":{"line":36,"column":15},"end":{"line":36,"column":26}},"loc":{"start":{"line":36,"column":37},"end":{"line":50,"column":1}},"line":36},"3":{"name":"deleteComment","decl":{"start":{"line":52,"column":15},"end":{"line":52,"column":28}},"loc":{"start":{"line":52,"column":39},"end":{"line":67,"column":1}},"line":52}},"branchMap":{"0":{"loc":{"start":{"line":42,"column":4},"end":{"line":47,"column":5}},"type":"if","locations":[{"start":{"line":42,"column":4},"end":{"line":47,"column":5}},{"start":{"line":42,"column":4},"end":{"line":47,"column":5}}],"line":42},"1":{"loc":{"start":{"line":57,"column":4},"end":{"line":64,"column":5}},"type":"if","locations":[{"start":{"line":57,"column":4},"end":{"line":64,"column":5}},{"start":{"line":57,"column":4},"end":{"line":64,"column":5}}],"line":57}},"s":{"0":1,"1":1,"2":1,"3":1,"4":1,"5":1,"6":0,"7":1,"8":1,"9":1,"10":1,"11":1,"12":1,"13":1,"14":1,"15":1,"16":1,"17":0,"18":0,"19":0,"20":0,"21":0,"22":0,"23":0,"24":0,"25":0,"26":0,"27":0,"28":0,"29":0,"30":0,"31":0,"32":0,"33":0,"34":0,"35":0,"36":0,"37":0,"38":0,"39":1},"f":{"0":1,"1":1,"2":0,"3":0},"b":{"0":[0,0],"1":[0,0]},"_coverageSchema":"1a1c01bbd47fc00a2c39e90264f33305004495a9","hash":"a74e42aceadd730b0de48d840ae62fa9015d1a04"}
,"/mnt/d/users/doctortess/documents/coder-academy/fast-track/assignments/StoareeBackend/src/controllers/functions.js": {"path":"/mnt/d/users/doctortess/documents/coder-academy/fast-track/assignments/StoareeBackend/src/controllers/functions.js","statementMap":{"0":{"start":{"line":1,"column":13},"end":{"line":1,"column":38}},"1":{"start":{"line":2,"column":16},"end":{"line":2,"column":44}},"2":{"start":{"line":3,"column":17},"end":{"line":3,"column":46}},"3":{"start":{"line":7,"column":2},"end":{"line":7,"column":40}},"4":{"start":{"line":12,"column":15},"end":{"line":12,"column":42}},"5":{"start":{"line":13,"column":23},"end":{"line":13,"column":25}},"6":{"start":{"line":15,"column":2},"end":{"line":21,"column":3}},"7":{"start":{"line":16,"column":4},"end":{"line":20,"column":5}},"8":{"start":{"line":23,"column":2},"end":{"line":23,"column":24}},"9":{"start":{"line":28,"column":21},"end":{"line":28,"column":54}},"10":{"start":{"line":30,"column":2},"end":{"line":30,"column":67}},"11":{"start":{"line":31,"column":2},"end":{"line":33,"column":3}},"12":{"start":{"line":32,"column":4},"end":{"line":32,"column":69}},"13":{"start":{"line":35,"column":19},"end":{"line":44,"column":4}},"14":{"start":{"line":36,"column":18},"end":{"line":36,"column":51}},"15":{"start":{"line":37,"column":17},"end":{"line":37,"column":49}},"16":{"start":{"line":38,"column":4},"end":{"line":43,"column":6}},"17":{"start":{"line":45,"column":2},"end":{"line":45,"column":54}},"18":{"start":{"line":47,"column":20},"end":{"line":50,"column":4}},"19":{"start":{"line":48,"column":21},"end":{"line":48,"column":56}},"20":{"start":{"line":49,"column":4},"end":{"line":49,"column":20}},"21":{"start":{"line":51,"column":2},"end":{"line":51,"column":56}},"22":{"start":{"line":53,"column":2},"end":{"line":53,"column":22}},"23":{"start":{"line":56,"column":0},"end":{"line":56,"column":60}}},"fnMap":{"0":{"name":"sendError","decl":{"start":{"line":5,"column":9},"end":{"line":5,"column":18}},"loc":{"start":{"line":5,"column":29},"end":{"line":8,"column":1}},"line":5},"1":{"name":"getUserStuff","decl":{"start":{"line":11,"column":15},"end":{"line":11,"column":27}},"loc":{"start":{"line":11,"column":36},"end":{"line":24,"column":1}},"line":11},"2":{"name":"getStoryStuff","decl":{"start":{"line":27,"column":15},"end":{"line":27,"column":28}},"loc":{"start":{"line":27,"column":36},"end":{"line":54,"column":1}},"line":27},"3":{"name":"(anonymous_3)","decl":{"start":{"line":35,"column":38},"end":{"line":35,"column":39}},"loc":{"start":{"line":35,"column":59},"end":{"line":44,"column":3}},"line":35},"4":{"name":"(anonymous_4)","decl":{"start":{"line":47,"column":40},"end":{"line":47,"column":41}},"loc":{"start":{"line":47,"column":62},"end":{"line":50,"column":3}},"line":47}},"branchMap":{"0":{"loc":{"start":{"line":15,"column":2},"end":{"line":21,"column":3}},"type":"if","locations":[{"start":{"line":15,"column":2},"end":{"line":21,"column":3}},{"start":{"line":15,"column":2},"end":{"line":21,"column":3}}],"line":15},"1":{"loc":{"start":{"line":31,"column":2},"end":{"line":33,"column":3}},"type":"if","locations":[{"start":{"line":31,"column":2},"end":{"line":33,"column":3}},{"start":{"line":31,"column":2},"end":{"line":33,"column":3}}],"line":31}},"s":{"0":1,"1":1,"2":1,"3":2,"4":5,"5":5,"6":5,"7":5,"8":5,"9":4,"10":4,"11":4,"12":0,"13":4,"14":0,"15":0,"16":0,"17":4,"18":4,"19":0,"20":0,"21":4,"22":4,"23":1},"f":{"0":2,"1":5,"2":4,"3":0,"4":0},"b":{"0":[5,0],"1":[0,4]},"_coverageSchema":"1a1c01bbd47fc00a2c39e90264f33305004495a9","hash":"a9d3324a247fac7e30cee05f02ca239337446ef4"}
,"/mnt/d/users/doctortess/documents/coder-academy/fast-track/assignments/StoareeBackend/src/controllers/questions_controller.js": {"path":"/mnt/d/users/doctortess/documents/coder-academy/fast-track/assignments/StoareeBackend/src/controllers/questions_controller.js","statementMap":{"0":{"start":{"line":1,"column":14},"end":{"line":1,"column":40}},"1":{"start":{"line":2,"column":17},"end":{"line":2,"column":46}},"2":{"start":{"line":4,"column":22},"end":{"line":4,"column":44}},"3":{"start":{"line":36,"column":18},"end":{"line":36,"column":76}},"4":{"start":{"line":37,"column":2},"end":{"line":37,"column":22}},"5":{"start":{"line":42,"column":68},"end":{"line":42,"column":76}},"6":{"start":{"line":43,"column":19},"end":{"line":49,"column":4}},"7":{"start":{"line":51,"column":2},"end":{"line":63,"column":38}},"8":{"start":{"line":52,"column":26},"end":{"line":52,"column":47}},"9":{"start":{"line":53,"column":4},"end":{"line":58,"column":5}},"10":{"start":{"line":54,"column":27},"end":{"line":54,"column":68}},"11":{"start":{"line":55,"column":6},"end":{"line":55,"column":58}},"12":{"start":{"line":57,"column":6},"end":{"line":57,"column":34}},"13":{"start":{"line":60,"column":20},"end":{"line":60,"column":78}},"14":{"start":{"line":61,"column":4},"end":{"line":61,"column":24}},"15":{"start":{"line":63,"column":16},"end":{"line":63,"column":36}},"16":{"start":{"line":67,"column":50},"end":{"line":67,"column":58}},"17":{"start":{"line":68,"column":17},"end":{"line":68,"column":64}},"18":{"start":{"line":70,"column":2},"end":{"line":70,"column":43}},"19":{"start":{"line":71,"column":2},"end":{"line":71,"column":43}},"20":{"start":{"line":72,"column":2},"end":{"line":72,"column":33}},"21":{"start":{"line":74,"column":2},"end":{"line":79,"column":38}},"22":{"start":{"line":75,"column":4},"end":{"line":75,"column":26}},"23":{"start":{"line":76,"column":20},"end":{"line":76,"column":78}},"24":{"start":{"line":77,"column":4},"end":{"line":77,"column":36}},"25":{"start":{"line":79,"column":16},"end":{"line":79,"column":36}},"26":{"start":{"line":83,"column":26},"end":{"line":83,"column":36}},"27":{"start":{"line":84,"column":17},"end":{"line":84,"column":53}},"28":{"start":{"line":86,"column":2},"end":{"line":97,"column":38}},"29":{"start":{"line":87,"column":4},"end":{"line":87,"column":22}},"30":{"start":{"line":88,"column":25},"end":{"line":88,"column":78}},"31":{"start":{"line":89,"column":4},"end":{"line":93,"column":5}},"32":{"start":{"line":90,"column":20},"end":{"line":90,"column":68}},"33":{"start":{"line":91,"column":6},"end":{"line":91,"column":51}},"34":{"start":{"line":92,"column":6},"end":{"line":92,"column":34}},"35":{"start":{"line":94,"column":20},"end":{"line":94,"column":78}},"36":{"start":{"line":95,"column":4},"end":{"line":95,"column":36}},"37":{"start":{"line":97,"column":16},"end":{"line":97,"column":36}},"38":{"start":{"line":104,"column":37},"end":{"line":104,"column":45}},"39":{"start":{"line":106,"column":14},"end":{"line":106,"column":55}},"40":{"start":{"line":107,"column":29},"end":{"line":110,"column":4}},"41":{"start":{"line":112,"column":2},"end":{"line":118,"column":38}},"42":{"start":{"line":113,"column":26},"end":{"line":113,"column":59}},"43":{"start":{"line":114,"column":4},"end":{"line":114,"column":40}},"44":{"start":{"line":115,"column":4},"end":{"line":115,"column":17}},"45":{"start":{"line":116,"column":4},"end":{"line":116,"column":26}},"46":{"start":{"line":118,"column":16},"end":{"line":118,"column":36}},"47":{"start":{"line":121,"column":0},"end":{"line":121,"column":117}}},"fnMap":{"0":{"name":"getMasterQuestions","decl":{"start":{"line":35,"column":15},"end":{"line":35,"column":33}},"loc":{"start":{"line":35,"column":44},"end":{"line":38,"column":1}},"line":35},"1":{"name":"addMasterQuestion","decl":{"start":{"line":40,"column":15},"end":{"line":40,"column":32}},"loc":{"start":{"line":40,"column":43},"end":{"line":64,"column":1}},"line":40},"2":{"name":"editMasterQuestion","decl":{"start":{"line":66,"column":15},"end":{"line":66,"column":33}},"loc":{"start":{"line":66,"column":44},"end":{"line":80,"column":1}},"line":66},"3":{"name":"deleteMasterQuestion","decl":{"start":{"line":82,"column":15},"end":{"line":82,"column":35}},"loc":{"start":{"line":82,"column":46},"end":{"line":98,"column":1}},"line":82},"4":{"name":"answerQuestion","decl":{"start":{"line":102,"column":15},"end":{"line":102,"column":29}},"loc":{"start":{"line":102,"column":40},"end":{"line":119,"column":1}},"line":102}},"branchMap":{"0":{"loc":{"start":{"line":53,"column":4},"end":{"line":58,"column":5}},"type":"if","locations":[{"start":{"line":53,"column":4},"end":{"line":58,"column":5}},{"start":{"line":53,"column":4},"end":{"line":58,"column":5}}],"line":53},"1":{"loc":{"start":{"line":70,"column":19},"end":{"line":70,"column":42}},"type":"binary-expr","locations":[{"start":{"line":70,"column":19},"end":{"line":70,"column":24}},{"start":{"line":70,"column":28},"end":{"line":70,"column":42}}],"line":70},"2":{"loc":{"start":{"line":71,"column":19},"end":{"line":71,"column":42}},"type":"binary-expr","locations":[{"start":{"line":71,"column":19},"end":{"line":71,"column":24}},{"start":{"line":71,"column":28},"end":{"line":71,"column":42}}],"line":71},"3":{"loc":{"start":{"line":89,"column":4},"end":{"line":93,"column":5}},"type":"if","locations":[{"start":{"line":89,"column":4},"end":{"line":93,"column":5}},{"start":{"line":89,"column":4},"end":{"line":93,"column":5}}],"line":89}},"s":{"0":1,"1":1,"2":1,"3":0,"4":0,"5":0,"6":0,"7":0,"8":0,"9":0,"10":0,"11":0,"12":0,"13":0,"14":0,"15":0,"16":0,"17":0,"18":0,"19":0,"20":0,"21":0,"22":0,"23":0,"24":0,"25":0,"26":0,"27":0,"28":0,"29":0,"30":0,"31":0,"32":0,"33":0,"34":0,"35":0,"36":0,"37":0,"38":0,"39":0,"40":0,"41":0,"42":0,"43":0,"44":0,"45":0,"46":0,"47":1},"f":{"0":0,"1":0,"2":0,"3":0,"4":0},"b":{"0":[0,0],"1":[0,0],"2":[0,0],"3":[0,0]},"_coverageSchema":"1a1c01bbd47fc00a2c39e90264f33305004495a9","hash":"389e46591b44f00bacee99423d5d714a636a5285"}
,"/mnt/d/users/doctortess/documents/coder-academy/fast-track/assignments/StoareeBackend/src/controllers/story_controller.js": {"path":"/mnt/d/users/doctortess/documents/coder-academy/fast-track/assignments/StoareeBackend/src/controllers/story_controller.js","statementMap":{"0":{"start":{"line":1,"column":14},"end":{"line":1,"column":40}},"1":{"start":{"line":2,"column":13},"end":{"line":2,"column":38}},"2":{"start":{"line":4,"column":37},"end":{"line":4,"column":59}},"3":{"start":{"line":8,"column":2},"end":{"line":14,"column":38}},"4":{"start":{"line":9,"column":18},"end":{"line":9,"column":54}},"5":{"start":{"line":10,"column":4},"end":{"line":10,"column":57}},"6":{"start":{"line":10,"column":35},"end":{"line":10,"column":55}},"7":{"start":{"line":11,"column":30},"end":{"line":11,"column":56}},"8":{"start":{"line":12,"column":4},"end":{"line":12,"column":32}},"9":{"start":{"line":14,"column":16},"end":{"line":14,"column":36}},"10":{"start":{"line":19,"column":2},"end":{"line":29,"column":38}},"11":{"start":{"line":20,"column":16},"end":{"line":20,"column":57}},"12":{"start":{"line":21,"column":4},"end":{"line":27,"column":5}},"13":{"start":{"line":22,"column":6},"end":{"line":22,"column":41}},"14":{"start":{"line":23,"column":6},"end":{"line":23,"column":22}},"15":{"start":{"line":26,"column":6},"end":{"line":26,"column":28}},"16":{"start":{"line":29,"column":16},"end":{"line":29,"column":36}},"17":{"start":{"line":34,"column":70},"end":{"line":34,"column":78}},"18":{"start":{"line":36,"column":2},"end":{"line":36,"column":62}},"19":{"start":{"line":37,"column":2},"end":{"line":42,"column":3}},"20":{"start":{"line":38,"column":4},"end":{"line":38,"column":37}},"21":{"start":{"line":41,"column":4},"end":{"line":41,"column":23}},"22":{"start":{"line":44,"column":19},"end":{"line":55,"column":4}},"23":{"start":{"line":57,"column":2},"end":{"line":62,"column":38}},"24":{"start":{"line":58,"column":21},"end":{"line":58,"column":42}},"25":{"start":{"line":59,"column":4},"end":{"line":59,"column":49}},"26":{"start":{"line":60,"column":4},"end":{"line":60,"column":37}},"27":{"start":{"line":62,"column":16},"end":{"line":62,"column":36}},"28":{"start":{"line":66,"column":72},"end":{"line":66,"column":80}},"29":{"start":{"line":67,"column":16},"end":{"line":67,"column":57}},"30":{"start":{"line":69,"column":2},"end":{"line":69,"column":37}},"31":{"start":{"line":70,"column":2},"end":{"line":70,"column":34}},"32":{"start":{"line":71,"column":2},"end":{"line":71,"column":20}},"33":{"start":{"line":72,"column":2},"end":{"line":72,"column":46}},"34":{"start":{"line":73,"column":2},"end":{"line":73,"column":28}},"35":{"start":{"line":75,"column":2},"end":{"line":75,"column":62}},"36":{"start":{"line":76,"column":2},"end":{"line":81,"column":3}},"37":{"start":{"line":77,"column":4},"end":{"line":77,"column":43}},"38":{"start":{"line":80,"column":4},"end":{"line":80,"column":29}},"39":{"start":{"line":83,"column":2},"end":{"line":87,"column":38}},"40":{"start":{"line":84,"column":4},"end":{"line":84,"column":23}},"41":{"start":{"line":85,"column":4},"end":{"line":85,"column":32}},"42":{"start":{"line":87,"column":16},"end":{"line":87,"column":36}},"43":{"start":{"line":91,"column":2},"end":{"line":96,"column":38}},"44":{"start":{"line":92,"column":18},"end":{"line":92,"column":59}},"45":{"start":{"line":93,"column":4},"end":{"line":93,"column":25}},"46":{"start":{"line":94,"column":4},"end":{"line":94,"column":26}},"47":{"start":{"line":96,"column":16},"end":{"line":96,"column":36}},"48":{"start":{"line":99,"column":0},"end":{"line":99,"column":79}}},"fnMap":{"0":{"name":"getStories","decl":{"start":{"line":6,"column":15},"end":{"line":6,"column":25}},"loc":{"start":{"line":6,"column":36},"end":{"line":15,"column":1}},"line":6},"1":{"name":"(anonymous_1)","decl":{"start":{"line":10,"column":26},"end":{"line":10,"column":27}},"loc":{"start":{"line":10,"column":35},"end":{"line":10,"column":55}},"line":10},"2":{"name":"getStory","decl":{"start":{"line":17,"column":15},"end":{"line":17,"column":23}},"loc":{"start":{"line":17,"column":34},"end":{"line":30,"column":1}},"line":17},"3":{"name":"createStory","decl":{"start":{"line":32,"column":15},"end":{"line":32,"column":26}},"loc":{"start":{"line":32,"column":37},"end":{"line":63,"column":1}},"line":32},"4":{"name":"editStory","decl":{"start":{"line":65,"column":15},"end":{"line":65,"column":24}},"loc":{"start":{"line":65,"column":35},"end":{"line":88,"column":1}},"line":65},"5":{"name":"deleteStory","decl":{"start":{"line":90,"column":15},"end":{"line":90,"column":26}},"loc":{"start":{"line":90,"column":37},"end":{"line":97,"column":1}},"line":90}},"branchMap":{"0":{"loc":{"start":{"line":21,"column":4},"end":{"line":27,"column":5}},"type":"if","locations":[{"start":{"line":21,"column":4},"end":{"line":27,"column":5}},{"start":{"line":21,"column":4},"end":{"line":27,"column":5}}],"line":21},"1":{"loc":{"start":{"line":37,"column":2},"end":{"line":42,"column":3}},"type":"if","locations":[{"start":{"line":37,"column":2},"end":{"line":42,"column":3}},{"start":{"line":37,"column":2},"end":{"line":42,"column":3}}],"line":37},"2":{"loc":{"start":{"line":69,"column":16},"end":{"line":69,"column":36}},"type":"binary-expr","locations":[{"start":{"line":69,"column":16},"end":{"line":69,"column":21}},{"start":{"line":69,"column":25},"end":{"line":69,"column":36}}],"line":69},"3":{"loc":{"start":{"line":72,"column":19},"end":{"line":72,"column":45}},"type":"binary-expr","locations":[{"start":{"line":72,"column":19},"end":{"line":72,"column":27}},{"start":{"line":72,"column":31},"end":{"line":72,"column":45}}],"line":72},"4":{"loc":{"start":{"line":76,"column":2},"end":{"line":81,"column":3}},"type":"if","locations":[{"start":{"line":76,"column":2},"end":{"line":81,"column":3}},{"start":{"line":76,"column":2},"end":{"line":81,"column":3}}],"line":76}},"s":{"0":1,"1":1,"2":1,"3":1,"4":1,"5":1,"6":1,"7":1,"8":1,"9":0,"10":2,"11":2,"12":1,"13":1,"14":1,"15":0,"16":1,"17":2,"18":2,"19":2,"20":0,"21":2,"22":2,"23":2,"24":2,"25":2,"26":2,"27":0,"28":1,"29":1,"30":1,"31":1,"32":1,"33":1,"34":1,"35":1,"36":1,"37":0,"38":1,"39":1,"40":1,"41":1,"42":0,"43":1,"44":1,"45":1,"46":1,"47":0,"48":1},"f":{"0":1,"1":1,"2":2,"3":2,"4":1,"5":1},"b":{"0":[1,0],"1":[0,2],"2":[1,0],"3":[1,1],"4":[0,1]},"_coverageSchema":"1a1c01bbd47fc00a2c39e90264f33305004495a9","hash":"91383e1807a432ade0f3d5d93810b0758d5b8ba6"}
,"/mnt/d/users/doctortess/documents/coder-academy/fast-track/assignments/StoareeBackend/src/controllers/user_controller.js": {"path":"/mnt/d/users/doctortess/documents/coder-academy/fast-track/assignments/StoareeBackend/src/controllers/user_controller.js","statementMap":{"0":{"start":{"line":1,"column":15},"end":{"line":1,"column":32}},"1":{"start":{"line":2,"column":13},"end":{"line":2,"column":38}},"2":{"start":{"line":3,"column":14},"end":{"line":3,"column":40}},"3":{"start":{"line":4,"column":22},"end":{"line":4,"column":57}},"4":{"start":{"line":8,"column":98},"end":{"line":8,"column":106}},"5":{"start":{"line":10,"column":25},"end":{"line":10,"column":56}},"6":{"start":{"line":12,"column":15},"end":{"line":22,"column":4}},"7":{"start":{"line":24,"column":2},"end":{"line":28,"column":38}},"8":{"start":{"line":25,"column":22},"end":{"line":25,"column":39}},"9":{"start":{"line":26,"column":4},"end":{"line":26,"column":24}},"10":{"start":{"line":28,"column":16},"end":{"line":28,"column":36}},"11":{"start":{"line":32,"column":86},"end":{"line":32,"column":90}},"12":{"start":{"line":34,"column":2},"end":{"line":39,"column":3}},"13":{"start":{"line":35,"column":4},"end":{"line":35,"column":58}},"14":{"start":{"line":38,"column":4},"end":{"line":38,"column":74}},"15":{"start":{"line":41,"column":2},"end":{"line":51,"column":3}},"16":{"start":{"line":56,"column":22},"end":{"line":56,"column":32}},"17":{"start":{"line":57,"column":15},"end":{"line":57,"column":43}},"18":{"start":{"line":58,"column":2},"end":{"line":65,"column":3}},"19":{"start":{"line":59,"column":26},"end":{"line":59,"column":64}},"20":{"start":{"line":60,"column":28},"end":{"line":60,"column":74}},"21":{"start":{"line":61,"column":4},"end":{"line":61,"column":30}},"22":{"start":{"line":64,"column":4},"end":{"line":64,"column":26}},"23":{"start":{"line":69,"column":13},"end":{"line":69,"column":21}},"24":{"start":{"line":70,"column":75},"end":{"line":70,"column":83}},"25":{"start":{"line":71,"column":2},"end":{"line":71,"column":35}},"26":{"start":{"line":72,"column":2},"end":{"line":72,"column":47}},"27":{"start":{"line":73,"column":2},"end":{"line":73,"column":44}},"28":{"start":{"line":74,"column":2},"end":{"line":74,"column":53}},"29":{"start":{"line":75,"column":2},"end":{"line":75,"column":27}},"30":{"start":{"line":76,"column":2},"end":{"line":76,"column":47}},"31":{"start":{"line":77,"column":2},"end":{"line":77,"column":22}},"32":{"start":{"line":78,"column":2},"end":{"line":83,"column":38}},"33":{"start":{"line":79,"column":4},"end":{"line":79,"column":16}},"34":{"start":{"line":80,"column":28},"end":{"line":80,"column":59}},"35":{"start":{"line":81,"column":4},"end":{"line":81,"column":42}},"36":{"start":{"line":83,"column":16},"end":{"line":83,"column":36}},"37":{"start":{"line":87,"column":13},"end":{"line":87,"column":21}},"38":{"start":{"line":89,"column":24},"end":{"line":89,"column":32}},"39":{"start":{"line":90,"column":2},"end":{"line":90,"column":29}},"40":{"start":{"line":92,"column":2},"end":{"line":101,"column":3}},"41":{"start":{"line":93,"column":4},"end":{"line":93,"column":22}},"42":{"start":{"line":94,"column":28},"end":{"line":97,"column":5}},"43":{"start":{"line":98,"column":4},"end":{"line":98,"column":30}},"44":{"start":{"line":100,"column":4},"end":{"line":100,"column":24}},"45":{"start":{"line":106,"column":26},"end":{"line":106,"column":67}},"46":{"start":{"line":107,"column":2},"end":{"line":112,"column":3}},"47":{"start":{"line":108,"column":4},"end":{"line":108,"column":59}},"48":{"start":{"line":111,"column":4},"end":{"line":111,"column":15}},"49":{"start":{"line":116,"column":2},"end":{"line":126,"column":38}},"50":{"start":{"line":117,"column":25},"end":{"line":117,"column":33}},"51":{"start":{"line":118,"column":16},"end":{"line":118,"column":46}},"52":{"start":{"line":119,"column":15},"end":{"line":119,"column":23}},"53":{"start":{"line":120,"column":4},"end":{"line":120,"column":34}},"54":{"start":{"line":121,"column":4},"end":{"line":121,"column":22}},"55":{"start":{"line":122,"column":4},"end":{"line":122,"column":34}},"56":{"start":{"line":123,"column":4},"end":{"line":123,"column":23}},"57":{"start":{"line":124,"column":4},"end":{"line":124,"column":31}},"58":{"start":{"line":126,"column":16},"end":{"line":126,"column":36}},"59":{"start":{"line":133,"column":64},"end":{"line":133,"column":72}},"60":{"start":{"line":135,"column":25},"end":{"line":135,"column":56}},"61":{"start":{"line":137,"column":16},"end":{"line":144,"column":4}},"62":{"start":{"line":146,"column":2},"end":{"line":150,"column":38}},"63":{"start":{"line":147,"column":22},"end":{"line":147,"column":40}},"64":{"start":{"line":148,"column":4},"end":{"line":148,"column":24}},"65":{"start":{"line":150,"column":16},"end":{"line":150,"column":36}},"66":{"start":{"line":153,"column":0},"end":{"line":153,"column":118}}},"fnMap":{"0":{"name":"register","decl":{"start":{"line":6,"column":15},"end":{"line":6,"column":23}},"loc":{"start":{"line":6,"column":34},"end":{"line":29,"column":1}},"line":6},"1":{"name":"getUserProfileStuff","decl":{"start":{"line":31,"column":15},"end":{"line":31,"column":34}},"loc":{"start":{"line":31,"column":62},"end":{"line":52,"column":1}},"line":31},"2":{"name":"getUserProfile","decl":{"start":{"line":54,"column":15},"end":{"line":54,"column":29}},"loc":{"start":{"line":54,"column":40},"end":{"line":66,"column":1}},"line":54},"3":{"name":"updateProfile","decl":{"start":{"line":68,"column":15},"end":{"line":68,"column":28}},"loc":{"start":{"line":68,"column":39},"end":{"line":84,"column":1}},"line":68},"4":{"name":"updateAvatarURL","decl":{"start":{"line":86,"column":15},"end":{"line":86,"column":30}},"loc":{"start":{"line":86,"column":41},"end":{"line":102,"column":1}},"line":86},"5":{"name":"getCurrentUser","decl":{"start":{"line":104,"column":15},"end":{"line":104,"column":29}},"loc":{"start":{"line":104,"column":40},"end":{"line":113,"column":1}},"line":104},"6":{"name":"addLike","decl":{"start":{"line":115,"column":15},"end":{"line":115,"column":22}},"loc":{"start":{"line":115,"column":33},"end":{"line":127,"column":1}},"line":115},"7":{"name":"registerAdmin","decl":{"start":{"line":131,"column":15},"end":{"line":131,"column":28}},"loc":{"start":{"line":131,"column":39},"end":{"line":151,"column":1}},"line":131}},"branchMap":{"0":{"loc":{"start":{"line":31,"column":41},"end":{"line":31,"column":60}},"type":"default-arg","locations":[{"start":{"line":31,"column":55},"end":{"line":31,"column":60}}],"line":31},"1":{"loc":{"start":{"line":34,"column":2},"end":{"line":39,"column":3}},"type":"if","locations":[{"start":{"line":34,"column":2},"end":{"line":39,"column":3}},{"start":{"line":34,"column":2},"end":{"line":39,"column":3}}],"line":34},"2":{"loc":{"start":{"line":58,"column":2},"end":{"line":65,"column":3}},"type":"if","locations":[{"start":{"line":58,"column":2},"end":{"line":65,"column":3}},{"start":{"line":58,"column":2},"end":{"line":65,"column":3}}],"line":58},"3":{"loc":{"start":{"line":59,"column":26},"end":{"line":59,"column":64}},"type":"binary-expr","locations":[{"start":{"line":59,"column":26},"end":{"line":59,"column":34}},{"start":{"line":59,"column":39},"end":{"line":59,"column":63}}],"line":59},"4":{"loc":{"start":{"line":71,"column":15},"end":{"line":71,"column":34}},"type":"binary-expr","locations":[{"start":{"line":71,"column":15},"end":{"line":71,"column":20}},{"start":{"line":71,"column":24},"end":{"line":71,"column":34}}],"line":71},"5":{"loc":{"start":{"line":72,"column":19},"end":{"line":72,"column":46}},"type":"binary-expr","locations":[{"start":{"line":72,"column":19},"end":{"line":72,"column":28}},{"start":{"line":72,"column":32},"end":{"line":72,"column":46}}],"line":72},"6":{"loc":{"start":{"line":73,"column":18},"end":{"line":73,"column":43}},"type":"binary-expr","locations":[{"start":{"line":73,"column":18},"end":{"line":73,"column":26}},{"start":{"line":73,"column":30},"end":{"line":73,"column":43}}],"line":73},"7":{"loc":{"start":{"line":74,"column":21},"end":{"line":74,"column":52}},"type":"binary-expr","locations":[{"start":{"line":74,"column":21},"end":{"line":74,"column":32}},{"start":{"line":74,"column":36},"end":{"line":74,"column":52}}],"line":74},"8":{"loc":{"start":{"line":76,"column":19},"end":{"line":76,"column":46}},"type":"binary-expr","locations":[{"start":{"line":76,"column":19},"end":{"line":76,"column":28}},{"start":{"line":76,"column":32},"end":{"line":76,"column":46}}],"line":76},"9":{"loc":{"start":{"line":107,"column":2},"end":{"line":112,"column":3}},"type":"if","locations":[{"start":{"line":107,"column":2},"end":{"line":112,"column":3}},{"start":{"line":107,"column":2},"end":{"line":112,"column":3}}],"line":107}},"s":{"0":1,"1":1,"2":1,"3":1,"4":2,"5":2,"6":2,"7":2,"8":2,"9":1,"10":1,"11":3,"12":3,"13":1,"14":2,"15":3,"16":2,"17":2,"18":1,"19":1,"20":1,"21":1,"22":0,"23":1,"24":1,"25":1,"26":1,"27":1,"28":1,"29":1,"30":1,"31":1,"32":1,"33":1,"34":1,"35":1,"36":0,"37":0,"38":0,"39":0,"40":0,"41":0,"42":0,"43":0,"44":0,"45":1,"46":1,"47":1,"48":0,"49":1,"50":1,"51":1,"52":1,"53":1,"54":1,"55":1,"56":1,"57":1,"58":0,"59":0,"60":0,"61":0,"62":0,"63":0,"64":0,"65":0,"66":1},"f":{"0":2,"1":3,"2":2,"3":1,"4":0,"5":1,"6":1,"7":0},"b":{"0":[2],"1":[1,2],"2":[1,0],"3":[1,0],"4":[1,1],"5":[1,0],"6":[1,1],"7":[1,1],"8":[1,1],"9":[1,0]},"_coverageSchema":"1a1c01bbd47fc00a2c39e90264f33305004495a9","hash":"236318173dd58c1da99f434f7de864a8f6df015a"}
,"/mnt/d/users/doctortess/documents/coder-academy/fast-track/assignments/StoareeBackend/src/models/Comment.js": {"path":"/mnt/d/users/doctortess/documents/coder-academy/fast-track/assignments/StoareeBackend/src/models/Comment.js","statementMap":{"0":{"start":{"line":1,"column":17},"end":{"line":1,"column":36}},"1":{"start":{"line":2,"column":21},"end":{"line":2,"column":42}},"2":{"start":{"line":4,"column":22},"end":{"line":14,"column":24}},"3":{"start":{"line":16,"column":0},"end":{"line":16,"column":58}}},"fnMap":{},"branchMap":{},"s":{"0":1,"1":1,"2":1,"3":1},"f":{},"b":{},"_coverageSchema":"1a1c01bbd47fc00a2c39e90264f33305004495a9","hash":"454aa69fb149df11e99a21f1a22bbb6086c8eb45"}
,"/mnt/d/users/doctortess/documents/coder-academy/fast-track/assignments/StoareeBackend/src/models/Question.js": {"path":"/mnt/d/users/doctortess/documents/coder-academy/fast-track/assignments/StoareeBackend/src/models/Question.js","statementMap":{"0":{"start":{"line":1,"column":17},"end":{"line":1,"column":36}},"1":{"start":{"line":2,"column":21},"end":{"line":2,"column":42}},"2":{"start":{"line":4,"column":23},"end":{"line":35,"column":1}},"3":{"start":{"line":37,"column":0},"end":{"line":37,"column":60}}},"fnMap":{},"branchMap":{},"s":{"0":1,"1":1,"2":1,"3":1},"f":{},"b":{},"_coverageSchema":"1a1c01bbd47fc00a2c39e90264f33305004495a9","hash":"4f723eadc4b43165c7075dd2c0710ba0d26f177a"}
,"/mnt/d/users/doctortess/documents/coder-academy/fast-track/assignments/StoareeBackend/src/models/Story.js": {"path":"/mnt/d/users/doctortess/documents/coder-academy/fast-track/assignments/StoareeBackend/src/models/Story.js","statementMap":{"0":{"start":{"line":1,"column":17},"end":{"line":1,"column":36}},"1":{"start":{"line":2,"column":21},"end":{"line":2,"column":42}},"2":{"start":{"line":4,"column":20},"end":{"line":48,"column":26}},"3":{"start":{"line":50,"column":0},"end":{"line":50,"column":54}}},"fnMap":{},"branchMap":{},"s":{"0":1,"1":1,"2":1,"3":1},"f":{},"b":{},"_coverageSchema":"1a1c01bbd47fc00a2c39e90264f33305004495a9","hash":"400d60a85609fcf063c5b50092afd975a92e304c"}
,"/mnt/d/users/doctortess/documents/coder-academy/fast-track/assignments/StoareeBackend/src/models/User.js": {"path":"/mnt/d/users/doctortess/documents/coder-academy/fast-track/assignments/StoareeBackend/src/models/User.js","statementMap":{"0":{"start":{"line":1,"column":17},"end":{"line":1,"column":36}},"1":{"start":{"line":2,"column":24},"end":{"line":2,"column":60}},"2":{"start":{"line":3,"column":21},"end":{"line":3,"column":42}},"3":{"start":{"line":5,"column":19},"end":{"line":49,"column":1}},"4":{"start":{"line":51,"column":0},"end":{"line":51,"column":35}},"5":{"start":{"line":53,"column":0},"end":{"line":53,"column":52}}},"fnMap":{},"branchMap":{},"s":{"0":1,"1":1,"2":1,"3":1,"4":1,"5":1},"f":{},"b":{},"_coverageSchema":"1a1c01bbd47fc00a2c39e90264f33305004495a9","hash":"fe2886b11634cc9b0e8f0a897f73640307b9805a"}
,"/mnt/d/users/doctortess/documents/coder-academy/fast-track/assignments/StoareeBackend/src/routes/comments.js": {"path":"/mnt/d/users/doctortess/documents/coder-academy/fast-track/assignments/StoareeBackend/src/routes/comments.js","statementMap":{"0":{"start":{"line":1,"column":16},"end":{"line":1,"column":34}},"1":{"start":{"line":2,"column":15},"end":{"line":2,"column":31}},"2":{"start":{"line":3,"column":41},"end":{"line":3,"column":92}},"3":{"start":{"line":4,"column":64},"end":{"line":4,"column":109}},"4":{"start":{"line":6,"column":0},"end":{"line":6,"column":38}},"5":{"start":{"line":7,"column":0},"end":{"line":7,"column":50}},"6":{"start":{"line":8,"column":0},"end":{"line":8,"column":80}},"7":{"start":{"line":9,"column":0},"end":{"line":9,"column":85}},"8":{"start":{"line":11,"column":0},"end":{"line":11,"column":24}}},"fnMap":{},"branchMap":{},"s":{"0":1,"1":1,"2":1,"3":1,"4":1,"5":1,"6":1,"7":1,"8":1},"f":{},"b":{},"_coverageSchema":"1a1c01bbd47fc00a2c39e90264f33305004495a9","hash":"81afe6d9a8232b51b7ec3fe87af08c43187874d9"}
,"/mnt/d/users/doctortess/documents/coder-academy/fast-track/assignments/StoareeBackend/src/routes/index.js": {"path":"/mnt/d/users/doctortess/documents/coder-academy/fast-track/assignments/StoareeBackend/src/routes/index.js","statementMap":{"0":{"start":{"line":1,"column":16},"end":{"line":1,"column":34}},"1":{"start":{"line":2,"column":15},"end":{"line":2,"column":31}},"2":{"start":{"line":3,"column":14},"end":{"line":3,"column":40}},"3":{"start":{"line":4,"column":26},"end":{"line":4,"column":61}},"4":{"start":{"line":6,"column":21},"end":{"line":6,"column":23}},"5":{"start":{"line":9,"column":0},"end":{"line":14,"column":3}},"6":{"start":{"line":10,"column":16},"end":{"line":10,"column":91}},"7":{"start":{"line":11,"column":2},"end":{"line":11,"column":55}},"8":{"start":{"line":11,"column":33},"end":{"line":11,"column":53}},"9":{"start":{"line":12,"column":28},"end":{"line":12,"column":54}},"10":{"start":{"line":13,"column":2},"end":{"line":13,"column":30}},"11":{"start":{"line":16,"column":0},"end":{"line":16,"column":24}}},"fnMap":{"0":{"name":"(anonymous_0)","decl":{"start":{"line":9,"column":16},"end":{"line":9,"column":17}},"loc":{"start":{"line":9,"column":48},"end":{"line":14,"column":1}},"line":9},"1":{"name":"(anonymous_1)","decl":{"start":{"line":11,"column":24},"end":{"line":11,"column":25}},"loc":{"start":{"line":11,"column":33},"end":{"line":11,"column":53}},"line":11}},"branchMap":{},"s":{"0":1,"1":1,"2":1,"3":1,"4":1,"5":1,"6":1,"7":1,"8":0,"9":1,"10":1,"11":1},"f":{"0":1,"1":0},"b":{},"_coverageSchema":"1a1c01bbd47fc00a2c39e90264f33305004495a9","hash":"e11355dc613389806f0a1552ef9ecfdaf4a8c079"}
,"/mnt/d/users/doctortess/documents/coder-academy/fast-track/assignments/StoareeBackend/src/routes/likes.js": {"path":"/mnt/d/users/doctortess/documents/coder-academy/fast-track/assignments/StoareeBackend/src/routes/likes.js","statementMap":{"0":{"start":{"line":1,"column":16},"end":{"line":1,"column":34}},"1":{"start":{"line":2,"column":15},"end":{"line":2,"column":31}},"2":{"start":{"line":3,"column":23},"end":{"line":3,"column":74}},"3":{"start":{"line":4,"column":20},"end":{"line":4,"column":61}},"4":{"start":{"line":6,"column":0},"end":{"line":6,"column":37}},"5":{"start":{"line":8,"column":0},"end":{"line":8,"column":23}}},"fnMap":{},"branchMap":{},"s":{"0":1,"1":1,"2":1,"3":1,"4":1,"5":1},"f":{},"b":{},"_coverageSchema":"1a1c01bbd47fc00a2c39e90264f33305004495a9","hash":"6b2b0ad5f48b8601af2f1927519b8c85bc0c316d"}
,"/mnt/d/users/doctortess/documents/coder-academy/fast-track/assignments/StoareeBackend/src/routes/login.js": {"path":"/mnt/d/users/doctortess/documents/coder-academy/fast-track/assignments/StoareeBackend/src/routes/login.js","statementMap":{"0":{"start":{"line":1,"column":16},"end":{"line":1,"column":34}},"1":{"start":{"line":2,"column":15},"end":{"line":2,"column":31}},"2":{"start":{"line":3,"column":18},"end":{"line":3,"column":69}},"3":{"start":{"line":5,"column":0},"end":{"line":5,"column":24}},"4":{"start":{"line":7,"column":0},"end":{"line":7,"column":24}}},"fnMap":{},"branchMap":{},"s":{"0":1,"1":1,"2":1,"3":1,"4":1},"f":{},"b":{},"_coverageSchema":"1a1c01bbd47fc00a2c39e90264f33305004495a9","hash":"f6dccb9db1a176f20dccf4678493ac40fb071243"}
,"/mnt/d/users/doctortess/documents/coder-academy/fast-track/assignments/StoareeBackend/src/routes/questions.js": {"path":"/mnt/d/users/doctortess/documents/coder-academy/fast-track/assignments/StoareeBackend/src/routes/questions.js","statementMap":{"0":{"start":{"line":1,"column":14},"end":{"line":1,"column":32}},"1":{"start":{"line":2,"column":13},"end":{"line":2,"column":29}},"2":{"start":{"line":3,"column":50},"end":{"line":3,"column":101}},"3":{"start":{"line":4,"column":108},"end":{"line":4,"column":154}},"4":{"start":{"line":7,"column":0},"end":{"line":7,"column":39}},"5":{"start":{"line":8,"column":0},"end":{"line":8,"column":62}},"6":{"start":{"line":9,"column":0},"end":{"line":9,"column":62}},"7":{"start":{"line":10,"column":0},"end":{"line":10,"column":75}},"8":{"start":{"line":11,"column":0},"end":{"line":11,"column":80}},"9":{"start":{"line":14,"column":0},"end":{"line":14,"column":72}},"10":{"start":{"line":16,"column":0},"end":{"line":16,"column":24}}},"fnMap":{},"branchMap":{},"s":{"0":1,"1":1,"2":1,"3":1,"4":1,"5":1,"6":1,"7":1,"8":1,"9":1,"10":1},"f":{},"b":{},"_coverageSchema":"1a1c01bbd47fc00a2c39e90264f33305004495a9","hash":"671d78082dd3f54cb41d36fcd154c6041d093603"}
,"/mnt/d/users/doctortess/documents/coder-academy/fast-track/assignments/StoareeBackend/src/routes/search.js": {"path":"/mnt/d/users/doctortess/documents/coder-academy/fast-track/assignments/StoareeBackend/src/routes/search.js","statementMap":{"0":{"start":{"line":1,"column":16},"end":{"line":1,"column":34}},"1":{"start":{"line":2,"column":15},"end":{"line":2,"column":31}},"2":{"start":{"line":3,"column":26},"end":{"line":3,"column":61}},"3":{"start":{"line":4,"column":14},"end":{"line":4,"column":40}},"4":{"start":{"line":6,"column":0},"end":{"line":13,"column":3}},"5":{"start":{"line":8,"column":20},"end":{"line":8,"column":30}},"6":{"start":{"line":9,"column":16},"end":{"line":9,"column":136}},"7":{"start":{"line":10,"column":2},"end":{"line":10,"column":55}},"8":{"start":{"line":10,"column":33},"end":{"line":10,"column":53}},"9":{"start":{"line":11,"column":28},"end":{"line":11,"column":54}},"10":{"start":{"line":12,"column":2},"end":{"line":12,"column":30}},"11":{"start":{"line":15,"column":0},"end":{"line":15,"column":24}}},"fnMap":{"0":{"name":"(anonymous_0)","decl":{"start":{"line":6,"column":22},"end":{"line":6,"column":23}},"loc":{"start":{"line":6,"column":48},"end":{"line":13,"column":1}},"line":6},"1":{"name":"(anonymous_1)","decl":{"start":{"line":10,"column":24},"end":{"line":10,"column":25}},"loc":{"start":{"line":10,"column":33},"end":{"line":10,"column":53}},"line":10}},"branchMap":{},"s":{"0":1,"1":1,"2":1,"3":1,"4":1,"5":0,"6":0,"7":0,"8":0,"9":0,"10":0,"11":1},"f":{"0":0,"1":0},"b":{},"_coverageSchema":"1a1c01bbd47fc00a2c39e90264f33305004495a9","hash":"1dbdfc5e154ebed90bd3a450ebe967ab12c364f0"}
,"/mnt/d/users/doctortess/documents/coder-academy/fast-track/assignments/StoareeBackend/src/routes/signup.js": {"path":"/mnt/d/users/doctortess/documents/coder-academy/fast-track/assignments/StoareeBackend/src/routes/signup.js","statementMap":{"0":{"start":{"line":1,"column":16},"end":{"line":1,"column":34}},"1":{"start":{"line":2,"column":15},"end":{"line":2,"column":31}},"2":{"start":{"line":4,"column":36},"end":{"line":4,"column":77}},"3":{"start":{"line":6,"column":0},"end":{"line":6,"column":27}},"4":{"start":{"line":7,"column":0},"end":{"line":7,"column":43}},"5":{"start":{"line":9,"column":0},"end":{"line":9,"column":24}}},"fnMap":{},"branchMap":{},"s":{"0":1,"1":1,"2":1,"3":1,"4":1,"5":1},"f":{},"b":{},"_coverageSchema":"1a1c01bbd47fc00a2c39e90264f33305004495a9","hash":"8a1e277b55b5fcde29eaccf2d7224f484fe4540c"}
,"/mnt/d/users/doctortess/documents/coder-academy/fast-track/assignments/StoareeBackend/src/routes/stories.js": {"path":"/mnt/d/users/doctortess/documents/coder-academy/fast-track/assignments/StoareeBackend/src/routes/stories.js","statementMap":{"0":{"start":{"line":1,"column":16},"end":{"line":1,"column":34}},"1":{"start":{"line":2,"column":15},"end":{"line":2,"column":31}},"2":{"start":{"line":3,"column":41},"end":{"line":3,"column":92}},"3":{"start":{"line":4,"column":70},"end":{"line":4,"column":112}},"4":{"start":{"line":6,"column":0},"end":{"line":6,"column":28}},"5":{"start":{"line":7,"column":0},"end":{"line":7,"column":35}},"6":{"start":{"line":8,"column":0},"end":{"line":8,"column":42}},"7":{"start":{"line":9,"column":0},"end":{"line":9,"column":66}},"8":{"start":{"line":10,"column":0},"end":{"line":10,"column":71}},"9":{"start":{"line":12,"column":0},"end":{"line":12,"column":24}}},"fnMap":{},"branchMap":{},"s":{"0":1,"1":1,"2":1,"3":1,"4":1,"5":1,"6":1,"7":1,"8":1,"9":1},"f":{},"b":{},"_coverageSchema":"1a1c01bbd47fc00a2c39e90264f33305004495a9","hash":"527ab1eb97fdb57a7f72ffded55c256616440a04"}
,"/mnt/d/users/doctortess/documents/coder-academy/fast-track/assignments/StoareeBackend/src/routes/users.js": {"path":"/mnt/d/users/doctortess/documents/coder-academy/fast-track/assignments/StoareeBackend/src/routes/users.js","statementMap":{"0":{"start":{"line":1,"column":16},"end":{"line":1,"column":34}},"1":{"start":{"line":2,"column":15},"end":{"line":2,"column":31}},"2":{"start":{"line":3,"column":41},"end":{"line":3,"column":92}},"3":{"start":{"line":5,"column":75},"end":{"line":5,"column":116}},"4":{"start":{"line":7,"column":0},"end":{"line":7,"column":51}},"5":{"start":{"line":8,"column":0},"end":{"line":8,"column":40}},"6":{"start":{"line":10,"column":0},"end":{"line":10,"column":50}},"7":{"start":{"line":12,"column":0},"end":{"line":12,"column":24}}},"fnMap":{},"branchMap":{},"s":{"0":1,"1":1,"2":1,"3":1,"4":1,"5":1,"6":1,"7":1},"f":{},"b":{},"_coverageSchema":"1a1c01bbd47fc00a2c39e90264f33305004495a9","hash":"4223e8783c2e1d68e46e6c09ae8106417b8aa42d"}
}
