TN:
SF:src/app.js
FN:52,(anonymous_0)
FN:62,(anonymous_1)
FN:67,(anonymous_2)
FNF:3
FNH:2
FNDA:1,(anonymous_0)
FNDA:0,(anonymous_1)
FNDA:2,(anonymous_2)
DA:1,1
DA:2,1
DA:3,1
DA:4,1
DA:5,1
DA:6,1
DA:7,1
DA:8,1
DA:10,1
DA:11,1
DA:12,1
DA:13,1
DA:14,1
DA:15,1
DA:16,1
DA:17,1
DA:18,1
DA:22,1
DA:24,1
DA:26,1
DA:28,1
DA:29,1
DA:30,1
DA:31,1
DA:32,1
DA:33,1
DA:34,1
DA:35,1
DA:36,1
DA:37,1
DA:38,1
DA:39,1
DA:40,1
DA:41,1
DA:42,1
DA:43,1
DA:45,1
DA:53,1
DA:54,0
DA:56,1
DA:62,1
DA:63,0
DA:67,1
DA:69,2
DA:70,2
DA:73,2
DA:75,2
DA:78,1
LF:48
LH:46
BRDA:53,0,0,0
BRDA:53,0,1,1
BRDA:70,1,0,0
BRDA:70,1,1,2
BRDA:73,2,0,2
BRDA:73,2,1,0
BRF:6
BRH:3
end_of_record
TN:
SF:src/controllers/authentication_controller.js
FN:10,getUser
FN:15,(anonymous_1)
FN:28,(anonymous_2)
FN:33,(anonymous_3)
FN:46,login
FN:83,checkPermissions
FN:107,isAdmin
FNF:7
FNH:7
FNDA:17,getUser
FNDA:17,(anonymous_1)
FNDA:17,(anonymous_2)
FNDA:17,(anonymous_3)
FNDA:7,login
FNDA:5,checkPermissions
FNDA:6,isAdmin
DA:1,1
DA:2,1
DA:3,1
DA:4,1
DA:6,1
DA:7,1
DA:8,1
DA:11,17
DA:12,17
DA:15,1
DA:17,17
DA:21,17
DA:23,0
DA:26,17
DA:28,17
DA:29,17
DA:30,0
DA:33,17
DA:34,17
DA:35,17
DA:36,17
DA:42,0
DA:47,7
DA:49,7
DA:51,6
DA:53,6
DA:54,5
DA:55,5
DA:56,5
DA:61,5
DA:70,0
DA:75,1
DA:79,1
DA:86,5
DA:87,2
DA:88,2
DA:90,3
DA:91,3
DA:92,3
DA:94,0
DA:95,0
DA:98,5
DA:99,5
DA:100,5
DA:103,0
DA:108,6
DA:109,6
DA:112,0
DA:116,1
LF:49
LH:41
BRDA:17,0,0,17
BRDA:17,0,1,17
BRDA:17,0,2,0
BRDA:21,1,0,0
BRDA:21,1,1,17
BRDA:26,2,0,17
BRDA:26,2,1,0
BRDA:29,3,0,0
BRDA:29,3,1,17
BRDA:49,4,0,6
BRDA:49,4,1,1
BRDA:49,5,0,7
BRDA:49,5,1,6
BRDA:53,6,0,5
BRDA:53,6,1,1
BRDA:55,7,0,5
BRDA:55,7,1,0
BRDA:86,8,0,2
BRDA:86,8,1,3
BRDA:90,9,0,3
BRDA:90,9,1,0
BRDA:94,10,0,0
BRDA:94,10,1,0
BRDA:99,11,0,5
BRDA:99,11,1,0
BRDA:108,12,0,6
BRDA:108,12,1,0
BRF:27
BRH:17
end_of_record
TN:
SF:src/controllers/aws_controller.js
FN:11,auths3
FN:23,(anonymous_1)
FNF:2
FNH:2
FNDA:1,auths3
FNDA:1,(anonymous_1)
DA:1,1
DA:3,1
DA:4,1
DA:10,1
DA:12,1
DA:13,1
DA:14,1
DA:15,1
DA:22,1
DA:23,1
DA:24,1
DA:25,0
DA:26,0
DA:28,1
DA:33,1
DA:37,1
LF:16
LH:14
BRDA:24,0,0,0
BRDA:24,0,1,1
BRF:2
BRH:1
end_of_record
TN:
SF:src/controllers/comments_controller.js
FN:5,getComments
FN:14,addComment
FN:36,editComment
FN:52,deleteComment
FNF:4
FNH:4
FNDA:1,getComments
FNDA:1,addComment
FNDA:1,editComment
FNDA:1,deleteComment
DA:1,1
DA:2,1
DA:3,1
DA:7,1
DA:8,1
DA:9,1
DA:11,0
DA:16,1
DA:21,1
DA:22,1
DA:23,1
DA:24,1
DA:25,1
DA:26,1
DA:28,1
DA:29,1
DA:31,1
DA:33,0
DA:37,1
DA:38,1
DA:40,1
DA:41,1
DA:42,1
DA:43,1
DA:44,1
DA:45,1
DA:46,1
DA:49,0
DA:53,1
DA:55,1
DA:56,1
DA:57,1
DA:58,1
DA:59,1
DA:60,1
DA:61,1
DA:62,1
DA:63,1
DA:66,0
DA:69,1
LF:40
LH:36
BRDA:42,0,0,1
BRDA:42,0,1,0
BRDA:57,1,0,1
BRDA:57,1,1,0
BRF:4
BRH:2
end_of_record
TN:
SF:src/controllers/functions.js
FN:5,sendError
FN:11,getUserStuff
FN:27,getStoryStuff
FN:35,(anonymous_3)
FN:47,(anonymous_4)
FNF:5
FNH:3
FNDA:2,sendError
FNDA:5,getUserStuff
FNDA:4,getStoryStuff
FNDA:0,(anonymous_3)
FNDA:0,(anonymous_4)
DA:1,1
DA:2,1
DA:3,1
DA:7,2
DA:12,5
DA:13,5
DA:15,5
DA:16,5
DA:23,5
DA:28,4
DA:30,4
DA:31,4
DA:32,0
DA:35,4
DA:36,0
DA:37,0
DA:38,0
DA:45,4
DA:47,4
DA:48,0
DA:49,0
DA:51,4
DA:53,4
DA:56,1
LF:24
LH:18
BRDA:15,0,0,5
BRDA:15,0,1,0
BRDA:31,1,0,0
BRDA:31,1,1,4
BRF:4
BRH:2
end_of_record
TN:
SF:src/controllers/questions_controller.js
FN:35,getMasterQuestions
FN:40,addMasterQuestion
FN:66,editMasterQuestion
FN:82,deleteMasterQuestion
FN:102,answerQuestion
FNF:5
FNH:5
FNDA:1,getMasterQuestions
FNDA:2,addMasterQuestion
FNDA:1,editMasterQuestion
FNDA:2,deleteMasterQuestion
FNDA:1,answerQuestion
DA:1,1
DA:2,1
DA:4,1
DA:36,1
DA:37,1
DA:42,2
DA:43,2
DA:51,2
DA:52,2
DA:53,2
DA:54,1
DA:55,1
DA:57,1
DA:60,2
DA:61,2
DA:63,0
DA:67,1
DA:68,1
DA:70,1
DA:71,1
DA:72,1
DA:74,1
DA:75,1
DA:76,1
DA:77,1
DA:79,0
DA:83,2
DA:84,2
DA:86,2
DA:87,2
DA:88,2
DA:89,2
DA:90,1
DA:91,1
DA:92,1
DA:94,2
DA:95,2
DA:97,0
DA:104,1
DA:106,1
DA:107,1
DA:112,1
DA:113,1
DA:114,1
DA:115,1
DA:116,1
DA:118,0
DA:121,1
LF:48
LH:44
BRDA:53,0,0,1
BRDA:53,0,1,1
BRDA:70,1,0,1
BRDA:70,1,1,0
BRDA:71,2,0,1
BRDA:71,2,1,1
BRDA:89,3,0,1
BRDA:89,3,1,1
BRF:8
BRH:7
end_of_record
TN:
SF:src/controllers/story_controller.js
FN:6,getStories
FN:10,(anonymous_1)
FN:17,getStory
FN:32,createStory
FN:65,editStory
FN:90,deleteStory
FNF:6
FNH:6
FNDA:1,getStories
FNDA:1,(anonymous_1)
FNDA:2,getStory
FNDA:2,createStory
FNDA:1,editStory
FNDA:1,deleteStory
DA:1,1
DA:2,1
DA:4,1
DA:8,1
DA:9,1
DA:10,1
DA:11,1
DA:12,1
DA:14,0
DA:19,2
DA:20,2
DA:21,1
DA:22,1
DA:23,1
DA:26,0
DA:29,1
DA:34,2
DA:36,2
DA:37,2
DA:38,0
DA:41,2
DA:44,2
DA:57,2
DA:58,2
DA:59,2
DA:60,2
DA:62,0
DA:66,1
DA:67,1
DA:69,1
DA:70,1
DA:71,1
DA:72,1
DA:73,1
DA:75,1
DA:76,1
DA:77,0
DA:80,1
DA:83,1
DA:84,1
DA:85,1
DA:87,0
DA:91,1
DA:92,1
DA:93,1
DA:94,1
DA:96,0
DA:99,1
LF:48
LH:41
BRDA:21,0,0,1
BRDA:21,0,1,0
BRDA:37,1,0,0
BRDA:37,1,1,2
BRDA:69,2,0,1
BRDA:69,2,1,0
BRDA:72,3,0,1
BRDA:72,3,1,1
BRDA:76,4,0,0
BRDA:76,4,1,1
BRF:10
BRH:6
end_of_record
TN:
SF:src/controllers/user_controller.js
FN:6,register
FN:31,getUserProfileStuff
FN:54,getUserProfile
FN:68,updateProfile
FN:86,updateAvatarURL
FN:104,getCurrentUser
FN:115,addLike
FN:131,registerAdmin
FNF:8
FNH:6
FNDA:2,register
FNDA:3,getUserProfileStuff
FNDA:2,getUserProfile
FNDA:1,updateProfile
FNDA:0,updateAvatarURL
FNDA:1,getCurrentUser
FNDA:1,addLike
FNDA:0,registerAdmin
DA:1,1
DA:2,1
DA:3,1
DA:4,1
DA:8,2
DA:10,2
DA:12,2
DA:24,2
DA:25,2
DA:26,1
DA:28,1
DA:32,3
DA:34,3
DA:35,1
DA:38,2
DA:41,3
DA:56,2
DA:57,2
DA:58,2
DA:59,1
DA:60,1
DA:61,1
DA:64,1
DA:69,1
DA:70,1
DA:71,1
DA:72,1
DA:73,1
DA:74,1
DA:75,1
DA:76,1
DA:77,1
DA:78,1
DA:79,1
DA:80,1
DA:81,1
DA:83,0
DA:87,0
DA:89,0
DA:90,0
DA:92,0
DA:93,0
DA:94,0
DA:98,0
DA:100,0
DA:106,1
DA:107,1
DA:108,1
DA:111,0
DA:116,1
DA:117,1
DA:118,1
DA:119,1
DA:120,1
DA:121,1
DA:122,1
DA:123,1
DA:124,1
DA:126,0
DA:133,0
DA:135,0
DA:137,0
DA:146,0
DA:147,0
DA:148,0
DA:150,0
DA:153,1
LF:67
LH:49
BRDA:31,0,0,2
BRDA:34,1,0,1
BRDA:34,1,1,2
BRDA:58,2,0,1
BRDA:58,2,1,1
BRDA:59,3,0,1
BRDA:59,3,1,0
BRDA:71,4,0,1
BRDA:71,4,1,1
BRDA:72,5,0,1
BRDA:72,5,1,0
BRDA:73,6,0,1
BRDA:73,6,1,1
BRDA:74,7,0,1
BRDA:74,7,1,1
BRDA:76,8,0,1
BRDA:76,8,1,1
BRDA:107,9,0,1
BRDA:107,9,1,0
BRF:19
BRH:16
end_of_record
TN:
SF:src/models/Comment.js
FNF:0
FNH:0
DA:1,1
DA:2,1
DA:4,1
DA:16,1
LF:4
LH:4
BRF:0
BRH:0
end_of_record
TN:
SF:src/models/Question.js
FNF:0
FNH:0
DA:1,1
DA:2,1
DA:4,1
DA:37,1
LF:4
LH:4
BRF:0
BRH:0
end_of_record
TN:
SF:src/models/Story.js
FNF:0
FNH:0
DA:1,1
DA:2,1
DA:4,1
DA:50,1
LF:4
LH:4
BRF:0
BRH:0
end_of_record
TN:
SF:src/models/User.js
FNF:0
FNH:0
DA:1,1
DA:2,1
DA:3,1
DA:5,1
DA:51,1
DA:53,1
LF:6
LH:6
BRF:0
BRH:0
end_of_record
TN:
SF:src/routes/comments.js
FNF:0
FNH:0
DA:1,1
DA:2,1
DA:3,1
DA:4,1
DA:6,1
DA:7,1
DA:8,1
DA:9,1
DA:11,1
LF:9
LH:9
BRF:0
BRH:0
end_of_record
TN:
SF:src/routes/index.js
FN:9,(anonymous_0)
FN:11,(anonymous_1)
FNF:2
FNH:1
FNDA:1,(anonymous_0)
FNDA:0,(anonymous_1)
DA:1,1
DA:2,1
DA:3,1
DA:4,1
DA:6,1
DA:9,1
DA:10,1
DA:11,1
DA:12,1
DA:13,1
DA:16,1
LF:11
LH:11
BRF:0
BRH:0
end_of_record
TN:
SF:src/routes/likes.js
FNF:0
FNH:0
DA:1,1
DA:2,1
DA:3,1
DA:4,1
DA:6,1
DA:8,1
LF:6
LH:6
BRF:0
BRH:0
end_of_record
TN:
SF:src/routes/login.js
FNF:0
FNH:0
DA:1,1
DA:2,1
DA:3,1
DA:5,1
DA:7,1
LF:5
LH:5
BRF:0
BRH:0
end_of_record
TN:
SF:src/routes/questions.js
FNF:0
FNH:0
DA:1,1
DA:2,1
DA:3,1
DA:4,1
DA:7,1
DA:8,1
DA:9,1
DA:10,1
DA:11,1
DA:14,1
DA:16,1
LF:11
LH:11
BRF:0
BRH:0
end_of_record
TN:
SF:src/routes/search.js
FN:6,(anonymous_0)
FN:10,(anonymous_1)
FNF:2
FNH:0
FNDA:0,(anonymous_0)
FNDA:0,(anonymous_1)
DA:1,1
DA:2,1
DA:3,1
DA:4,1
DA:6,1
DA:8,0
DA:9,0
DA:10,0
DA:11,0
DA:12,0
DA:15,1
LF:11
LH:6
BRF:0
BRH:0
end_of_record
TN:
SF:src/routes/signup.js
FNF:0
FNH:0
DA:1,1
DA:2,1
DA:4,1
DA:6,1
DA:7,1
DA:9,1
LF:6
LH:6
BRF:0
BRH:0
end_of_record
TN:
SF:src/routes/stories.js
FNF:0
FNH:0
DA:1,1
DA:2,1
DA:3,1
DA:4,1
DA:6,1
DA:7,1
DA:8,1
DA:9,1
DA:10,1
DA:12,1
LF:10
LH:10
BRF:0
BRH:0
end_of_record
TN:
SF:src/routes/users.js
FNF:0
FNH:0
DA:1,1
DA:2,1
DA:3,1
DA:5,1
DA:7,1
DA:8,1
DA:10,1
DA:12,1
LF:8
LH:8
BRF:0
BRH:0
end_of_record
